Performing C SOURCE FILE Test C_SUPPORTS_WERROR_UNGUARDED_AVAILABILITY_NEW failed with the following output:
Change Dir: /home/long/project/llvm-project/clang/build/CMakeFiles/CMakeTmp

Run Build Command(s):/usr/bin/make -f Makefile cmTC_7f893/fast && /usr/bin/make  -f CMakeFiles/cmTC_7f893.dir/build.make CMakeFiles/cmTC_7f893.dir/build
make[1]: Entering directory '/home/long/project/llvm-project/clang/build/CMakeFiles/CMakeTmp'
Building C object CMakeFiles/cmTC_7f893.dir/src.c.o
/usr/bin/cc -DC_SUPPORTS_WERROR_UNGUARDED_AVAILABILITY_NEW  -fPIC -Werror=date-time    -Werror -Werror=unguarded-availability-new -o CMakeFiles/cmTC_7f893.dir/src.c.o -c /home/long/project/llvm-project/clang/build/CMakeFiles/CMakeTmp/src.c
cc1: error: -Werror=unguarded-availability-new: no option -Wunguarded-availability-new
CMakeFiles/cmTC_7f893.dir/build.make:77: recipe for target 'CMakeFiles/cmTC_7f893.dir/src.c.o' failed
make[1]: *** [CMakeFiles/cmTC_7f893.dir/src.c.o] Error 1
make[1]: Leaving directory '/home/long/project/llvm-project/clang/build/CMakeFiles/CMakeTmp'
Makefile:127: recipe for target 'cmTC_7f893/fast' failed
make: *** [cmTC_7f893/fast] Error 2


Source file was:
int main(void) { return 0; }
Performing C++ SOURCE FILE Test CXX_SUPPORTS_WERROR_UNGUARDED_AVAILABILITY_NEW failed with the following output:
Change Dir: /home/long/project/llvm-project/clang/build/CMakeFiles/CMakeTmp

Run Build Command(s):/usr/bin/make -f Makefile cmTC_5df26/fast && /usr/bin/make  -f CMakeFiles/cmTC_5df26.dir/build.make CMakeFiles/cmTC_5df26.dir/build
make[1]: Entering directory '/home/long/project/llvm-project/clang/build/CMakeFiles/CMakeTmp'
Building CXX object CMakeFiles/cmTC_5df26.dir/src.cxx.o
/usr/bin/c++ -DCXX_SUPPORTS_WERROR_UNGUARDED_AVAILABILITY_NEW  -fPIC -fvisibility-inlines-hidden -Werror=date-time    -Werror -Werror=unguarded-availability-new -std=c++14 -o CMakeFiles/cmTC_5df26.dir/src.cxx.o -c /home/long/project/llvm-project/clang/build/CMakeFiles/CMakeTmp/src.cxx
cc1plus: error: -Werror=unguarded-availability-new: no option -Wunguarded-availability-new
CMakeFiles/cmTC_5df26.dir/build.make:77: recipe for target 'CMakeFiles/cmTC_5df26.dir/src.cxx.o' failed
make[1]: *** [CMakeFiles/cmTC_5df26.dir/src.cxx.o] Error 1
make[1]: Leaving directory '/home/long/project/llvm-project/clang/build/CMakeFiles/CMakeTmp'
Makefile:127: recipe for target 'cmTC_5df26/fast' failed
make: *** [cmTC_5df26/fast] Error 2


Source file was:
int main() { return 0; }
